1527647014181	geckodriver	INFO	geckodriver 0.20.1
1527647014193	geckodriver	INFO	Listening on 127.0.0.1:58177
1527647017222	mozrunner::runner	INFO	Running command: "C:\\Program Files\\Mozilla Firefox\\firefox.exe" "-marionette" "-profile" "C:\\Users\\ldp\\AppData\\Local\\Temp\\rust_mozprofile.ZDcXdkuXvkqC"
Unable to read VR Path Registry from C:\Users\ldp\AppData\Local\openvr\openvrpaths.vrpath
1527647018211	Marionette	INFO	Enabled via --marionette
Unable to read VR Path Registry from C:\Users\ldp\AppData\Local\openvr\openvrpaths.vrpath
Unable to read VR Path Registry from C:\Users\ldp\AppData\Local\openvr\openvrpaths.vrpath
Unable to read VR Path Registry from C:\Users\ldp\AppData\Local\openvr\openvrpaths.vrpath
1527647019849	Marionette	INFO	Listening on port 58189
Unable to read VR Path Registry from C:\Users\ldp\AppData\Local\openvr\openvrpaths.vrpath
1527647020342	Marionette	WARN	TLS certificate errors will be ignored for this session
[Child 31296, Chrome_ChildThread] WARNING: pipe error: 109: file z:/build/build/src/ipc/chromium/src/chrome/common/ipc_channel_win.cc, line 346
[Child 31296, Chrome_ChildThr*** UTM:SVC TimerManager:registerTimer called after profile-before-change notification. Ignoring timer registration for id: telemetry_modules_ping

###!!! [Child][MessageChannel::SendAndWait] Error: Channel error: cannot send/recv

1527647043897	geckodriver	INFO	geckodriver 0.20.1
1527647043910	geckodriver	INFO	Listening on 127.0.0.1:58291
1527647046928	mozrunner::runner	INFO	Running command: "C:\\Program Files\\Mozilla Firefox\\firefox.exe" "-marionette" "-profile" "C:\\Users\\ldp\\AppData\\Local\\Temp\\rust_mozprofile.eD2pLO25Vacs"
Unable to read VR Path Registry from C:\Users\ldp\AppData\Local\openvr\openvrpaths.vrpath
1527647047861	Marionette	INFO	Enabled via --marionette
Unable to read VR Path Registry from C:\Users\ldp\AppData\Local\openvr\openvrpaths.vrpath
Unable to read VR Path Registry from C:\Users\ldp\AppData\Local\openvr\openvrpaths.vrpath
Unable to read VR Path Registry from C:\Users\ldp\AppData\Local\openvr\openvrpaths.vrpath
Unable to read VR Path Registry from C:\Users\ldp\AppData\Local\openvr\openvrpaths.vrpath
1527647049285	Marionette	INFO	Listening on port 58301
1527647050044	Marionette	WARN	TLS certificate errors will be ignored for this session
[Parent 14504, Gecko_IOThread] WARNING: pipe error: 109: file z:/build/build/src/ipc/chromium/src/chrome/common/ipc_channel_win.cc, line 346
[Child 1044, Chrome_ChildThread] WARNING: pipe error: 109: file z:/build/build/src/ipc/chromium/src/chrome/common/ipc_channel_win.cc, line 346
[Parent 14504, Gecko_IOThread] WARNING: pipe error: 109: file z:/build/build/src/ipc/chromium/src/chrome/common/ipc_channel_win.cc, line 346
[Child 33360, Chrome_ChildThread] WARNING: pipe error: 109: file z:/build/build/src/ipc/chromium/src/chrome/common/ipc_channel_win.cc, line 346
[Child 33360*** UTM:SVC TimerManager:registerTimer called after profile-before-change notification. Ignoring timer registration for id: telemetry_modules_ping

###!!! [Child][MessageChannel::SendAndWait] Error: Channel error: cannot send/recv

1527648852185	geckodriver	INFO	geckodriver 0.20.1
1527648852197	geckodriver	INFO	Listening on 127.0.0.1:61210
1527648855223	mozrunner::runner	INFO	Running command: "C:\\Program Files\\Mozilla Firefox\\firefox.exe" "-marionette" "-profile" "C:\\Users\\ldp\\AppData\\Local\\Temp\\rust_mozprofile.r5SmnhKoxHTE"
Unable to read VR Path Registry from C:\Users\ldp\AppData\Local\openvr\openvrpaths.vrpath
1527648856156	Marionette	INFO	Enabled via --marionette
Unable to read VR Path Registry from C:\Users\ldp\AppData\Local\openvr\openvrpaths.vrpath
Unable to read VR Path Registry from C:\Users\ldp\AppData\Local\openvr\openvrpaths.vrpath
Unable to read VR Path Registry from C:\Users\ldp\AppData\Local\openvr\openvrpaths.vrpath
Unable to read VR Path Registry from C:\Users\ldp\AppData\Local\openvr\openvrpaths.vrpath
1527648857555	Marionette	INFO	Listening on port 61218
1527648858343	Marionette	WARN	TLS certificate errors will be ignored for this session
[Child 8004, Chrome_ChildThread] WARNING: pipe error: 109: file z:/build/build/src/ipc/chromium/src/chrome/common/ipc_channel_win.cc, line 346
[Child 8004, Chrome_ChildThread] WARNING: pipe error: 109: file z:/build/build/src/ipc/chromium/src/chrome/common/ipc_channel_win.cc, line 346
[Child 36600, Chrome_ChildThread] WARNING: pipe error: 109: file z:/build/build/src/ipc/chromium/src/chrome/common/ipc_channel_win.cc, line 346
[Parent 12996, Gecko_IOThread] WARNING: pipe error: 109: file z:/build/build/src/ipc/chromium/src/chrome/common/ipc_channel_win.cc, line 346
*** UTM:SVC TimerManager:registerTimer called after profile-before-change notification. Ignoring timer registration for id: telemetry_modules_ping

###!!! [Child][MessageChannel::SendAndWait] Error: Channel error: cannot send/recv

1527649666605	geckodriver	INFO	geckodriver 0.20.1
1527649666620	geckodriver	INFO	Listening on 127.0.0.1:62281
1527649669633	mozrunner::runner	INFO	Running command: "C:\\Program Files\\Mozilla Firefox\\firefox.exe" "-marionette" "-profile" "C:\\Users\\ldp\\AppData\\Local\\Temp\\rust_mozprofile.R9FggxEGefoa"
Unable to read VR Path Registry from C:\Users\ldp\AppData\Local\openvr\openvrpaths.vrpath
1527649670614	Marionette	INFO	Enabled via --marionette
Unable to read VR Path Registry from C:\Users\ldp\AppData\Local\openvr\openvrpaths.vrpath
Unable to read VR Path Registry from C:\Users\ldp\AppData\Local\openvr\openvrpaths.vrpath
Unable to read VR Path Registry from C:\Users\ldp\AppData\Local\openvr\openvrpaths.vrpath
1527649672058	Marionette	INFO	Listening on port 62292
Unable to read VR Path Registry from C:\Users\ldp\AppData\Local\openvr\openvrpaths.vrpath
1527649672747	Marionette	WARN	TLS certificate errors will be ignored for this session
[Child 8464, Chrome_ChildThread] WARNING: pipe error: 109: file z:/build/build/src/ipc/chromium/src/chrome/common/ipc_channel_win.cc, line 346
[Child 84[Child 25420, Chrome_ChildThread] WARNING: pipe error: 109: file z:/build/build/src/ipc/chromium/src/chrome/common/ipc_channel_win.cc, line 346
[Child 25420, Chro*** UTM:SVC TimerManager:registerTimer called after profile-before-change notification. Ignoring timer registration for id: telemetry_modules_ping
[GPU 33048, Chrome_ChildThread] WARNING: pipe error: 109: file z:/build/build/src/ipc/chromium/src/chrome/common/ipc_channel_win.cc, line 346

###!!! [Child][MessageChannel::SendAndWait] Error: Channel error: cannot send/recv

1527650546489	geckodriver	INFO	geckodriver 0.20.1
1527650546500	geckodriver	INFO	Listening on 127.0.0.1:63078
1527650549510	mozrunner::runner	INFO	Running command: "C:\\Program Files\\Mozilla Firefox\\firefox.exe" "-marionette" "-profile" "C:\\Users\\ldp\\AppData\\Local\\Temp\\rust_mozprofile.eJm25oYM5Om3"
Unable to read VR Path Registry from C:\Users\ldp\AppData\Local\openvr\openvrpaths.vrpath
1527650550558	Marionette	INFO	Enabled via --marionette
Unable to read VR Path Registry from C:\Users\ldp\AppData\Local\openvr\openvrpaths.vrpath
Unable to read VR Path Registry from C:\Users\ldp\AppData\Local\openvr\openvrpaths.vrpath
Unable to read VR Path Registry from C:\Users\ldp\AppData\Local\openvr\openvrpaths.vrpath
Unable to read VR Path Registry from C:\Users\ldp\AppData\Local\openvr\openvrpaths.vrpath
1527650551983	Marionette	INFO	Listening on port 63089
1527650552644	Marionette	WARN	TLS certificate errors will be ignored for this session
[Child 19868, Chrome_ChildThread] WARNING: pipe error: 109: file z:/build/build/src/ipc/chromium/src/chrome/common/ipc_channel_win.cc, line 346
[Child 19868, Chrome_ChildThread] WARNING: pipe error: 109: file z:/build/build/[Child 8880, Chrome_ChildThread] WARNING: pipe error: 109: file z:/build/build/src/ipc/chromium/src/chrome/common/ipc_channel_win.cc, line 346
[Child 88*** UTM:SVC TimerManager:registerTimer called after profile-before-change notification. Ignoring timer registration for id: telemetry_modules_ping

###!!! [Child][MessageChannel::SendAndWait] Error: Channel error: cannot send/recv

1527650766548	geckodriver	INFO	geckodriver 0.20.1
1527650766561	geckodriver	INFO	Listening on 127.0.0.1:63309
1527650769575	mozrunner::runner	INFO	Running command: "C:\\Program Files\\Mozilla Firefox\\firefox.exe" "-marionette" "-profile" "C:\\Users\\ldp\\AppData\\Local\\Temp\\rust_mozprofile.i5UnWcYlO1cV"
Unable to read VR Path Registry from C:\Users\ldp\AppData\Local\openvr\openvrpaths.vrpath
1527650770488	Marionette	INFO	Enabled via --marionette
Unable to read VR Path Registry from C:\Users\ldp\AppData\Local\openvr\openvrpaths.vrpath
Unable to read VR Path Registry from C:\Users\ldp\AppData\Local\openvr\openvrpaths.vrpath
Unable to read VR Path Registry from C:\Users\ldp\AppData\Local\openvr\openvrpaths.vrpath
Unable to read VR Path Registry from C:\Users\ldp\AppData\Local\openvr\openvrpaths.vrpath
1527650771856	Marionette	INFO	Listening on port 63322
1527650772690	Marionette	WARN	TLS certificate errors will be ignored for this session
1527650774488	addons.xpi	WARN	Exception running bootstrap method shutdown on activity-stream@mozilla.org: [Exception... "Component returned failure code: 0x80004005 (NS_ERROR_FAILURE) [nsIObserverService.removeObserver]"  nsresult: "0x80004005 (NS_ERROR_FAILURE)"  location: "JS frame :: resource://activity-stream/lib/SnippetsFeed.jsm :: uninit :: line 125"  data: no] Stack trace: uninit()@resource://activity-stream/lib/SnippetsFeed.jsm:125 < onAction()@resource://activity-stream/lib/SnippetsFeed.jsm:141 < _middleware/</<()@resource://activity-stream/lib/Store.jsm:51 < Store/this[method]()@resource://activity-stream/lib/Store.jsm:30 < uninit()@resource://activity-stream/lib/Store.jsm:153 < uninit()@resource://activity-stream/lib/ActivityStream.jsm:278 < uninit()@resource://gre/modules/addons/XPIProvider.jsm -> jar:file:///C:/Program%20Files/Mozilla%20Firefox/browser/features/activity-stream@mozilla.org.xpi!/bootstrap.js:80 < shutdown()@resource://gre/modules/addons/XPIProvider.jsm -> jar:file:///C:/Program%20Files/Mozilla%20Firefox/browser/features/activity-stream@mozilla.org.xpi!/bootstrap.js:196 < callBootstrapMethod()@resource://gre/modules/addons/XPIProvider.jsm:4406 < observe()@resource://gre/modules/addons/XPIProvider.jsm:2270 < GeckoDriver.prototype.quit()@driver.js:3381 < despatch()@server.js:560 < execute()@server.js:534 < onPacket/<()@server.js:509 < onPacket()@server.js:508 < _onJSONObjectReady/<()@transport.js:500
[Parent 14600, Gecko_IOThread] WARNING: pipe error: 109: file z:/build/build/src/ipc/chromium/src/chrome/common/ipc_channel_win.cc, line 346
[Child 29876, Chrome_ChildThread] WARNING: pipe error: 109: file z:/build/build/src/ipc/chromium/src/chrome/common/ipc_channel_win.cc, line 346
[Child 29876, C[Child 31804, Chrome_ChildThread] WARNING: pipe error: 109: file z:/build/build/src/ipc/chromium/src/chrome/common/ipc_channel_win.cc, line 346
[Child 31804, Chrome_ChildThread] WARNING: pip[Parent 14600, Gecko_IOThread] WARNING: pipe error: 109: file z:/build/build/src/ipc/chromium/src/chrome/common/ipc_channel_win.cc, line 346
*** UTM:SVC TimerManager:registerTimer called after profile-before-change notification. Ignoring timer registration for id: telemetry_modules_ping

###!!! [Child][MessageChannel::SendAndWait] Error: Channel error: cannot send/recv

1527650927375	geckodriver	INFO	geckodriver 0.20.1
1527650927388	geckodriver	INFO	Listening on 127.0.0.1:63514
1527650930392	mozrunner::runner	INFO	Running command: "C:\\Program Files\\Mozilla Firefox\\firefox.exe" "-marionette" "-profile" "C:\\Users\\ldp\\AppData\\Local\\Temp\\rust_mozprofile.Tdr3hYAZkKFn"
Unable to read VR Path Registry from C:\Users\ldp\AppData\Local\openvr\openvrpaths.vrpath
1527650931362	Marionette	INFO	Enabled via --marionette
Unable to read VR Path Registry from C:\Users\ldp\AppData\Local\openvr\openvrpaths.vrpath
Unable to read VR Path Registry from C:\Users\ldp\AppData\Local\openvr\openvrpaths.vrpath
Unable to read VR Path Registry from C:\Users\ldp\AppData\Local\openvr\openvrpaths.vrpath
Unable to read VR Path Registry from C:\Users\ldp\AppData\Local\openvr\openvrpaths.vrpath
1527650932712	Marionette	INFO	Listening on port 63524
1527650933529	Marionette	WARN	TLS certificate errors will be ignored for this session
[Child 31936, Chrome_ChildThread] WARNING: pipe error: 109: file z:/build/build/src/ipc/chromium/src/chrome/common/ipc_channel_win.cc, line 346
[Child 31*** UTM:SVC TimerManager:registerTimer called after profile-before-change notification. Ignoring timer registration for id: telemetry_modules_ping

###!!! [Child][MessageChannel::SendAndWait] Error: Channel error: cannot send/recv

